2020-04-20 21:17:51 DEBUG logging:38 - Logging Provider: org.jboss.logging.Log4jLoggerProvider
2020-04-20 21:17:51 DEBUG HibernatePersistenceProvider:88 - Located and parsed 1 persistence units; checking each
2020-04-20 21:17:51 DEBUG HibernatePersistenceProvider:96 - Checking persistence-unit [name=water, explicit-provider=null] against incoming persistence unit name [water]
2020-04-20 21:17:51 DEBUG ProviderChecker:95 - No PersistenceProvider explicitly requested, assuming Hibernate
2020-04-20 21:17:51 DEBUG LogHelper:102 - PersistenceUnitInfo [
	name: water
	persistence provider classname: null
	classloader: null
	excludeUnlistedClasses: false
	JTA datasource: null
	Non JTA datasource: null
	Transaction type: RESOURCE_LOCAL
	PU root URL: file:/C:/Dev/Workspace/Decimal/TARANTULA/water-admin/target/classes/
	Shared Cache Mode: null
	Validation Mode: null
	Jar files URLs []
	Managed classes names []
	Mapping files names []
	Properties [
		javax.persistence.jdbc.driver: org.h2.Driver
		javax.persistence.jdbc.password: 
		javax.persistence.jdbc.url: jdbc:h2:mem:water
		hibernate.dialect: org.hibernate.dialect.H2Dialect
		hibernate.temp.use_jdbc_metadata_defaults: false
		show_sql: true
		hibernate.hbm2ddl.auto: create-drop
		javax.persistence.jdbc.user: sa]
2020-04-20 21:17:51 DEBUG IntegratorServiceImpl:46 - Adding Integrator [org.hibernate.cfg.beanvalidation.BeanValidationIntegrator].
2020-04-20 21:17:51 DEBUG IntegratorServiceImpl:46 - Adding Integrator [org.hibernate.secure.spi.JaccIntegrator].
2020-04-20 21:17:51 DEBUG IntegratorServiceImpl:46 - Adding Integrator [org.hibernate.cache.internal.CollectionCacheInvalidator].
2020-04-20 21:17:51 INFO  Version:46 - HHH000412: Hibernate Core {5.4.2.Final}
2020-04-20 21:17:51 DEBUG Environment:199 - HHH000206: hibernate.properties not found
2020-04-20 21:17:51 DEBUG ServiceBinding:68 - Overriding existing service binding [org.hibernate.secure.spi.JaccService]
2020-04-20 21:17:51 DEBUG RegionFactoryInitiator:118 - Cannot default RegionFactory based on registered strategies as `[]` RegionFactory strategies were registered
2020-04-20 21:17:51 DEBUG RegionFactoryInitiator:49 - Cache region factory : org.hibernate.cache.internal.NoCachingRegionFactory
2020-04-20 21:17:51 INFO  Version:49 - HCANN000001: Hibernate Commons Annotations {5.1.0.Final}
2020-04-20 21:17:52 DEBUG BasicTypeRegistry:156 - Adding type registration boolean -> org.hibernate.type.BooleanType@22a637e7
2020-04-20 21:17:52 DEBUG BasicTypeRegistry:156 - Adding type registration boolean -> org.hibernate.type.BooleanType@22a637e7
2020-04-20 21:17:52 DEBUG BasicTypeRegistry:156 - Adding type registration java.lang.Boolean -> org.hibernate.type.BooleanType@22a637e7
2020-04-20 21:17:52 DEBUG BasicTypeRegistry:156 - Adding type registration numeric_boolean -> org.hibernate.type.NumericBooleanType@49b0b76
2020-04-20 21:17:52 DEBUG BasicTypeRegistry:156 - Adding type registration true_false -> org.hibernate.type.TrueFalseType@5ae50ce6
2020-04-20 21:17:52 DEBUG BasicTypeRegistry:156 - Adding type registration yes_no -> org.hibernate.type.YesNoType@3ba9ad43
2020-04-20 21:17:52 DEBUG BasicTypeRegistry:156 - Adding type registration byte -> org.hibernate.type.ByteType@4a22f9e2
2020-04-20 21:17:52 DEBUG BasicTypeRegistry:156 - Adding type registration byte -> org.hibernate.type.ByteType@4a22f9e2
2020-04-20 21:17:52 DEBUG BasicTypeRegistry:156 - Adding type registration java.lang.Byte -> org.hibernate.type.ByteType@4a22f9e2
2020-04-20 21:17:52 DEBUG BasicTypeRegistry:156 - Adding type registration character -> org.hibernate.type.CharacterType@cd3fee8
2020-04-20 21:17:52 DEBUG BasicTypeRegistry:156 - Adding type registration char -> org.hibernate.type.CharacterType@cd3fee8
2020-04-20 21:17:52 DEBUG BasicTypeRegistry:156 - Adding type registration java.lang.Character -> org.hibernate.type.CharacterType@cd3fee8
2020-04-20 21:17:52 DEBUG BasicTypeRegistry:156 - Adding type registration short -> org.hibernate.type.ShortType@3e92efc3
2020-04-20 21:17:52 DEBUG BasicTypeRegistry:156 - Adding type registration short -> org.hibernate.type.ShortType@3e92efc3
2020-04-20 21:17:52 DEBUG BasicTypeRegistry:156 - Adding type registration java.lang.Short -> org.hibernate.type.ShortType@3e92efc3
2020-04-20 21:17:52 DEBUG BasicTypeRegistry:156 - Adding type registration integer -> org.hibernate.type.IntegerType@17046283
2020-04-20 21:17:52 DEBUG BasicTypeRegistry:156 - Adding type registration int -> org.hibernate.type.IntegerType@17046283
2020-04-20 21:17:52 DEBUG BasicTypeRegistry:156 - Adding type registration java.lang.Integer -> org.hibernate.type.IntegerType@17046283
2020-04-20 21:17:52 DEBUG BasicTypeRegistry:156 - Adding type registration long -> org.hibernate.type.LongType@34b7ac2f
2020-04-20 21:17:52 DEBUG BasicTypeRegistry:156 - Adding type registration long -> org.hibernate.type.LongType@34b7ac2f
2020-04-20 21:17:52 DEBUG BasicTypeRegistry:156 - Adding type registration java.lang.Long -> org.hibernate.type.LongType@34b7ac2f
2020-04-20 21:17:52 DEBUG BasicTypeRegistry:156 - Adding type registration float -> org.hibernate.type.FloatType@353d0772
2020-04-20 21:17:52 DEBUG BasicTypeRegistry:156 - Adding type registration float -> org.hibernate.type.FloatType@353d0772
2020-04-20 21:17:52 DEBUG BasicTypeRegistry:156 - Adding type registration java.lang.Float -> org.hibernate.type.FloatType@353d0772
2020-04-20 21:17:52 DEBUG BasicTypeRegistry:156 - Adding type registration double -> org.hibernate.type.DoubleType@13e39c73
2020-04-20 21:17:52 DEBUG BasicTypeRegistry:156 - Adding type registration double -> org.hibernate.type.DoubleType@13e39c73
2020-04-20 21:17:52 DEBUG BasicTypeRegistry:156 - Adding type registration java.lang.Double -> org.hibernate.type.DoubleType@13e39c73
2020-04-20 21:17:52 DEBUG BasicTypeRegistry:156 - Adding type registration big_decimal -> org.hibernate.type.BigDecimalType@6580cfdd
2020-04-20 21:17:52 DEBUG BasicTypeRegistry:156 - Adding type registration java.math.BigDecimal -> org.hibernate.type.BigDecimalType@6580cfdd
2020-04-20 21:17:52 DEBUG BasicTypeRegistry:156 - Adding type registration big_integer -> org.hibernate.type.BigIntegerType@48ae9b55
2020-04-20 21:17:52 DEBUG BasicTypeRegistry:156 - Adding type registration java.math.BigInteger -> org.hibernate.type.BigIntegerType@48ae9b55
2020-04-20 21:17:52 DEBUG BasicTypeRegistry:156 - Adding type registration string -> org.hibernate.type.StringType@31d7b7bf
2020-04-20 21:17:52 DEBUG BasicTypeRegistry:156 - Adding type registration java.lang.String -> org.hibernate.type.StringType@31d7b7bf
2020-04-20 21:17:52 DEBUG BasicTypeRegistry:156 - Adding type registration nstring -> org.hibernate.type.StringNVarcharType@1ddf84b8
2020-04-20 21:17:52 DEBUG BasicTypeRegistry:156 - Adding type registration ncharacter -> org.hibernate.type.CharacterNCharType@5e82df6a
2020-04-20 21:17:52 DEBUG BasicTypeRegistry:156 - Adding type registration url -> org.hibernate.type.UrlType@6ca8564a
2020-04-20 21:17:52 DEBUG BasicTypeRegistry:156 - Adding type registration java.net.URL -> org.hibernate.type.UrlType@6ca8564a
2020-04-20 21:17:52 DEBUG BasicTypeRegistry:156 - Adding type registration Duration -> org.hibernate.type.DurationType@4ac3c60d
2020-04-20 21:17:52 DEBUG BasicTypeRegistry:156 - Adding type registration java.time.Duration -> org.hibernate.type.DurationType@4ac3c60d
2020-04-20 21:17:52 DEBUG BasicTypeRegistry:156 - Adding type registration Instant -> org.hibernate.type.InstantType@68999068
2020-04-20 21:17:52 DEBUG BasicTypeRegistry:156 - Adding type registration java.time.Instant -> org.hibernate.type.InstantType@68999068
2020-04-20 21:17:52 DEBUG BasicTypeRegistry:156 - Adding type registration LocalDateTime -> org.hibernate.type.LocalDateTimeType@61df66b6
2020-04-20 21:17:52 DEBUG BasicTypeRegistry:156 - Adding type registration java.time.LocalDateTime -> org.hibernate.type.LocalDateTimeType@61df66b6
2020-04-20 21:17:52 DEBUG BasicTypeRegistry:156 - Adding type registration LocalDate -> org.hibernate.type.LocalDateType@1ea9f6af
2020-04-20 21:17:52 DEBUG BasicTypeRegistry:156 - Adding type registration java.time.LocalDate -> org.hibernate.type.LocalDateType@1ea9f6af
2020-04-20 21:17:52 DEBUG BasicTypeRegistry:156 - Adding type registration LocalTime -> org.hibernate.type.LocalTimeType@3835c46
2020-04-20 21:17:52 DEBUG BasicTypeRegistry:156 - Adding type registration java.time.LocalTime -> org.hibernate.type.LocalTimeType@3835c46
2020-04-20 21:17:52 DEBUG BasicTypeRegistry:156 - Adding type registration OffsetDateTime -> org.hibernate.type.OffsetDateTimeType@56620197
2020-04-20 21:17:52 DEBUG BasicTypeRegistry:156 - Adding type registration java.time.OffsetDateTime -> org.hibernate.type.OffsetDateTimeType@56620197
2020-04-20 21:17:52 DEBUG BasicTypeRegistry:156 - Adding type registration OffsetTime -> org.hibernate.type.OffsetTimeType@72057ecf
2020-04-20 21:17:52 DEBUG BasicTypeRegistry:156 - Adding type registration java.time.OffsetTime -> org.hibernate.type.OffsetTimeType@72057ecf
2020-04-20 21:17:52 DEBUG BasicTypeRegistry:156 - Adding type registration ZonedDateTime -> org.hibernate.type.ZonedDateTimeType@441772e
2020-04-20 21:17:52 DEBUG BasicTypeRegistry:156 - Adding type registration java.time.ZonedDateTime -> org.hibernate.type.ZonedDateTimeType@441772e
2020-04-20 21:17:52 DEBUG BasicTypeRegistry:156 - Adding type registration date -> org.hibernate.type.DateType@6c80d78a
2020-04-20 21:17:52 DEBUG BasicTypeRegistry:156 - Adding type registration java.sql.Date -> org.hibernate.type.DateType@6c80d78a
2020-04-20 21:17:52 DEBUG BasicTypeRegistry:156 - Adding type registration time -> org.hibernate.type.TimeType@5fdcaa40
2020-04-20 21:17:52 DEBUG BasicTypeRegistry:156 - Adding type registration java.sql.Time -> org.hibernate.type.TimeType@5fdcaa40
2020-04-20 21:17:52 DEBUG BasicTypeRegistry:156 - Adding type registration timestamp -> org.hibernate.type.TimestampType@6e20b53a
2020-04-20 21:17:52 DEBUG BasicTypeRegistry:156 - Adding type registration java.sql.Timestamp -> org.hibernate.type.TimestampType@6e20b53a
2020-04-20 21:17:52 DEBUG BasicTypeRegistry:156 - Adding type registration java.util.Date -> org.hibernate.type.TimestampType@6e20b53a
2020-04-20 21:17:52 DEBUG BasicTypeRegistry:156 - Adding type registration dbtimestamp -> org.hibernate.type.DbTimestampType@6aba2b86
2020-04-20 21:17:52 DEBUG BasicTypeRegistry:156 - Adding type registration calendar -> org.hibernate.type.CalendarType@3bb9a3ff
2020-04-20 21:17:52 DEBUG BasicTypeRegistry:156 - Adding type registration java.util.Calendar -> org.hibernate.type.CalendarType@3bb9a3ff
2020-04-20 21:17:52 DEBUG BasicTypeRegistry:156 - Adding type registration java.util.GregorianCalendar -> org.hibernate.type.CalendarType@3bb9a3ff
2020-04-20 21:17:52 DEBUG BasicTypeRegistry:156 - Adding type registration calendar_date -> org.hibernate.type.CalendarDateType@323b36e0
2020-04-20 21:17:52 DEBUG BasicTypeRegistry:156 - Adding type registration locale -> org.hibernate.type.LocaleType@5ffead27
2020-04-20 21:17:52 DEBUG BasicTypeRegistry:156 - Adding type registration java.util.Locale -> org.hibernate.type.LocaleType@5ffead27
2020-04-20 21:17:52 DEBUG BasicTypeRegistry:156 - Adding type registration currency -> org.hibernate.type.CurrencyType@4f6ee6e4
2020-04-20 21:17:52 DEBUG BasicTypeRegistry:156 - Adding type registration java.util.Currency -> org.hibernate.type.CurrencyType@4f6ee6e4
2020-04-20 21:17:52 DEBUG BasicTypeRegistry:156 - Adding type registration timezone -> org.hibernate.type.TimeZoneType@4fb61f4a
2020-04-20 21:17:52 DEBUG BasicTypeRegistry:156 - Adding type registration java.util.TimeZone -> org.hibernate.type.TimeZoneType@4fb61f4a
2020-04-20 21:17:52 DEBUG BasicTypeRegistry:156 - Adding type registration class -> org.hibernate.type.ClassType@4cc451f2
2020-04-20 21:17:52 DEBUG BasicTypeRegistry:156 - Adding type registration java.lang.Class -> org.hibernate.type.ClassType@4cc451f2
2020-04-20 21:17:52 DEBUG BasicTypeRegistry:156 - Adding type registration uuid-binary -> org.hibernate.type.UUIDBinaryType@12468a38
2020-04-20 21:17:52 DEBUG BasicTypeRegistry:156 - Adding type registration java.util.UUID -> org.hibernate.type.UUIDBinaryType@12468a38
2020-04-20 21:17:52 DEBUG BasicTypeRegistry:156 - Adding type registration uuid-char -> org.hibernate.type.UUIDCharType@5876a9af
2020-04-20 21:17:52 DEBUG BasicTypeRegistry:156 - Adding type registration binary -> org.hibernate.type.BinaryType@2a798d51
2020-04-20 21:17:52 DEBUG BasicTypeRegistry:156 - Adding type registration byte[] -> org.hibernate.type.BinaryType@2a798d51
2020-04-20 21:17:52 DEBUG BasicTypeRegistry:156 - Adding type registration [B -> org.hibernate.type.BinaryType@2a798d51
2020-04-20 21:17:52 DEBUG BasicTypeRegistry:156 - Adding type registration wrapper-binary -> org.hibernate.type.WrapperBinaryType@dd8ba08
2020-04-20 21:17:52 DEBUG BasicTypeRegistry:156 - Adding type registration Byte[] -> org.hibernate.type.WrapperBinaryType@dd8ba08
2020-04-20 21:17:52 DEBUG BasicTypeRegistry:156 - Adding type registration [Ljava.lang.Byte; -> org.hibernate.type.WrapperBinaryType@dd8ba08
2020-04-20 21:17:52 DEBUG BasicTypeRegistry:156 - Adding type registration row_version -> org.hibernate.type.RowVersionType@5c5eefef
2020-04-20 21:17:52 DEBUG BasicTypeRegistry:156 - Adding type registration image -> org.hibernate.type.ImageType@595b007d
2020-04-20 21:17:52 DEBUG BasicTypeRegistry:156 - Adding type registration characters -> org.hibernate.type.CharArrayType@478190fc
2020-04-20 21:17:52 DEBUG BasicTypeRegistry:156 - Adding type registration char[] -> org.hibernate.type.CharArrayType@478190fc
2020-04-20 21:17:52 DEBUG BasicTypeRegistry:156 - Adding type registration [C -> org.hibernate.type.CharArrayType@478190fc
2020-04-20 21:17:52 DEBUG BasicTypeRegistry:156 - Adding type registration wrapper-characters -> org.hibernate.type.CharacterArrayType@1189dd52
2020-04-20 21:17:52 DEBUG BasicTypeRegistry:156 - Adding type registration [Ljava.lang.Character; -> org.hibernate.type.CharacterArrayType@1189dd52
2020-04-20 21:17:52 DEBUG BasicTypeRegistry:156 - Adding type registration Character[] -> org.hibernate.type.CharacterArrayType@1189dd52
2020-04-20 21:17:52 DEBUG BasicTypeRegistry:156 - Adding type registration text -> org.hibernate.type.TextType@16d04d3d
2020-04-20 21:17:52 DEBUG BasicTypeRegistry:156 - Adding type registration ntext -> org.hibernate.type.NTextType@36902638
2020-04-20 21:17:52 DEBUG BasicTypeRegistry:156 - Adding type registration blob -> org.hibernate.type.BlobType@131774fe
2020-04-20 21:17:52 DEBUG BasicTypeRegistry:156 - Adding type registration java.sql.Blob -> org.hibernate.type.BlobType@131774fe
2020-04-20 21:17:52 DEBUG BasicTypeRegistry:156 - Adding type registration materialized_blob -> org.hibernate.type.MaterializedBlobType@7f3b84b8
2020-04-20 21:17:52 DEBUG BasicTypeRegistry:156 - Adding type registration clob -> org.hibernate.type.ClobType@6adbc9d
2020-04-20 21:17:52 DEBUG BasicTypeRegistry:156 - Adding type registration java.sql.Clob -> org.hibernate.type.ClobType@6adbc9d
2020-04-20 21:17:52 DEBUG BasicTypeRegistry:156 - Adding type registration nclob -> org.hibernate.type.NClobType@4efbca5a
2020-04-20 21:17:52 DEBUG BasicTypeRegistry:156 - Adding type registration java.sql.NClob -> org.hibernate.type.NClobType@4efbca5a
2020-04-20 21:17:52 DEBUG BasicTypeRegistry:156 - Adding type registration materialized_clob -> org.hibernate.type.MaterializedClobType@77fbd92c
2020-04-20 21:17:52 DEBUG BasicTypeRegistry:156 - Adding type registration materialized_nclob -> org.hibernate.type.MaterializedNClobType@72967906
2020-04-20 21:17:52 DEBUG BasicTypeRegistry:156 - Adding type registration serializable -> org.hibernate.type.SerializableType@4f83df68
2020-04-20 21:17:52 DEBUG BasicTypeRegistry:156 - Adding type registration object -> org.hibernate.type.ObjectType@351d00c0
2020-04-20 21:17:52 DEBUG BasicTypeRegistry:156 - Adding type registration java.lang.Object -> org.hibernate.type.ObjectType@351d00c0
2020-04-20 21:17:52 DEBUG BasicTypeRegistry:156 - Adding type registration imm_date -> org.hibernate.type.AdaptedImmutableType@35d019a3
2020-04-20 21:17:52 DEBUG BasicTypeRegistry:156 - Adding type registration imm_time -> org.hibernate.type.AdaptedImmutableType@689604d9
2020-04-20 21:17:52 DEBUG BasicTypeRegistry:156 - Adding type registration imm_timestamp -> org.hibernate.type.AdaptedImmutableType@18078bef
2020-04-20 21:17:52 DEBUG BasicTypeRegistry:156 - Adding type registration imm_dbtimestamp -> org.hibernate.type.AdaptedImmutableType@799f10e1
2020-04-20 21:17:52 DEBUG BasicTypeRegistry:156 - Adding type registration imm_calendar -> org.hibernate.type.AdaptedImmutableType@4c371370
2020-04-20 21:17:52 DEBUG BasicTypeRegistry:156 - Adding type registration imm_calendar_date -> org.hibernate.type.AdaptedImmutableType@145f66e3
2020-04-20 21:17:52 DEBUG BasicTypeRegistry:156 - Adding type registration imm_binary -> org.hibernate.type.AdaptedImmutableType@3023df74
2020-04-20 21:17:52 DEBUG BasicTypeRegistry:156 - Adding type registration imm_serializable -> org.hibernate.type.AdaptedImmutableType@313ac989
2020-04-20 21:17:52 DEBUG BootstrapContextImpl:272 - Injecting ScanEnvironment [org.hibernate.jpa.boot.internal.StandardJpaScanEnvironmentImpl@411f53a0] into BootstrapContext; was [null]
2020-04-20 21:17:52 DEBUG BootstrapContextImpl:267 - Injecting ScanOptions [org.hibernate.boot.archive.scan.internal.StandardScanOptions@2b71e916] into BootstrapContext; was [org.hibernate.boot.archive.scan.internal.StandardScanOptions@36fc695d]
2020-04-20 21:17:52 DEBUG BootstrapContextImpl:262 - Injecting JPA temp ClassLoader [null] into BootstrapContext; was [null]
2020-04-20 21:17:52 DEBUG ClassLoaderAccessImpl:45 - ClassLoaderAccessImpl#injectTempClassLoader(null) [was null]
2020-04-20 21:17:52 DEBUG DefaultIdentifierGeneratorFactory:81 - Registering IdentifierGenerator strategy [uuid2] -> [org.hibernate.id.UUIDGenerator]
2020-04-20 21:17:52 DEBUG DefaultIdentifierGeneratorFactory:81 - Registering IdentifierGenerator strategy [guid] -> [org.hibernate.id.GUIDGenerator]
2020-04-20 21:17:52 DEBUG DefaultIdentifierGeneratorFactory:81 - Registering IdentifierGenerator strategy [uuid] -> [org.hibernate.id.UUIDHexGenerator]
2020-04-20 21:17:52 DEBUG DefaultIdentifierGeneratorFactory:81 - Registering IdentifierGenerator strategy [uuid.hex] -> [org.hibernate.id.UUIDHexGenerator]
2020-04-20 21:17:52 DEBUG DefaultIdentifierGeneratorFactory:81 - Registering IdentifierGenerator strategy [assigned] -> [org.hibernate.id.Assigned]
2020-04-20 21:17:52 DEBUG DefaultIdentifierGeneratorFactory:81 - Registering IdentifierGenerator strategy [identity] -> [org.hibernate.id.IdentityGenerator]
2020-04-20 21:17:52 DEBUG DefaultIdentifierGeneratorFactory:81 - Registering IdentifierGenerator strategy [select] -> [org.hibernate.id.SelectGenerator]
2020-04-20 21:17:52 DEBUG DefaultIdentifierGeneratorFactory:81 - Registering IdentifierGenerator strategy [sequence] -> [org.hibernate.id.enhanced.SequenceStyleGenerator]
2020-04-20 21:17:52 DEBUG DefaultIdentifierGeneratorFactory:81 - Registering IdentifierGenerator strategy [seqhilo] -> [org.hibernate.id.SequenceHiLoGenerator]
2020-04-20 21:17:52 DEBUG DefaultIdentifierGeneratorFactory:81 - Registering IdentifierGenerator strategy [increment] -> [org.hibernate.id.IncrementGenerator]
2020-04-20 21:17:52 DEBUG DefaultIdentifierGeneratorFactory:81 - Registering IdentifierGenerator strategy [foreign] -> [org.hibernate.id.ForeignGenerator]
2020-04-20 21:17:52 DEBUG DefaultIdentifierGeneratorFactory:81 - Registering IdentifierGenerator strategy [sequence-identity] -> [org.hibernate.id.SequenceIdentityGenerator]
2020-04-20 21:17:52 DEBUG DefaultIdentifierGeneratorFactory:81 - Registering IdentifierGenerator strategy [enhanced-sequence] -> [org.hibernate.id.enhanced.SequenceStyleGenerator]
2020-04-20 21:17:52 DEBUG DefaultIdentifierGeneratorFactory:81 - Registering IdentifierGenerator strategy [enhanced-table] -> [org.hibernate.id.enhanced.TableGenerator]
2020-04-20 21:17:52 INFO  Dialect:158 - HHH000400: Using dialect: org.hibernate.dialect.H2Dialect
2020-04-20 21:17:52 DEBUG IdentifierHelperBuilder:191 - IdentifierCaseStrategy for both quoted and unquoted identifiers was set to the same strategy [MIXED]; that will likely lead to problems in schema update and validation if using quoted identifiers
2020-04-20 21:17:52 DEBUG LobCreatorBuilderImpl:65 - HHH000422: Disabling contextual LOB creation as connection was null
2020-04-20 21:17:52 DEBUG Namespace:51 - Created database namespace [logicalName=Name{catalog=null, schema=null}, physicalName=Name{catalog=null, schema=null}]
2020-04-20 21:17:52 DEBUG TypeConfiguration$Scope:152 - Scoping TypeConfiguration [org.hibernate.type.spi.TypeConfiguration@2b91004a] to MetadataBuildingContext [org.hibernate.boot.internal.MetadataBuildingContextRootImpl@20ccf40b]
2020-04-20 21:17:52 DEBUG AnnotationBinder:557 - Binding entity from annotated class: br.com.decimal.water.entity.Categoria
2020-04-20 21:17:52 DEBUG Ejb3Column:213 - Binding column: Ejb3DiscriminatorColumn{logicalColumnName'DTYPE', discriminatorTypeName='string'}
2020-04-20 21:17:53 DEBUG EntityBinder:430 - Import with entity name categoria
2020-04-20 21:17:53 DEBUG EntityBinder:873 - Bind entity br.com.decimal.water.entity.Categoria on table categoria
2020-04-20 21:17:53 DEBUG Ejb3Column:213 - Binding column: Ejb3Column{table=org.hibernate.mapping.Table(categoria), mappingColumn=id, insertable=true, updatable=true, unique=false}
2020-04-20 21:17:53 DEBUG PropertyBinder:175 - MetadataSourceProcessor property id with lazy=false
2020-04-20 21:17:53 DEBUG AbstractPropertyHolder:94 - Attempting to locate auto-apply AttributeConverter for property [br.com.decimal.water.entity.Categoria:id]
2020-04-20 21:17:53 DEBUG SimpleValueBinder:411 - building SimpleValue for id
2020-04-20 21:17:53 DEBUG PropertyBinder:266 - Building property id
2020-04-20 21:17:53 DEBUG BinderHelper:644 - #makeIdGenerator(org.hibernate.mapping.SimpleValue([org.hibernate.mapping.Column(id)]), id, org.hibernate.id.enhanced.SequenceStyleGenerator, , ...)
2020-04-20 21:17:53 DEBUG Ejb3Column:213 - Binding column: Ejb3Column{table=org.hibernate.mapping.Table(categoria), mappingColumn=descricao, insertable=true, updatable=true, unique=false}
2020-04-20 21:17:53 DEBUG PropertyBinder:175 - MetadataSourceProcessor property descricao with lazy=false
2020-04-20 21:17:53 DEBUG AbstractPropertyHolder:94 - Attempting to locate auto-apply AttributeConverter for property [br.com.decimal.water.entity.Categoria:descricao]
2020-04-20 21:17:53 DEBUG SimpleValueBinder:411 - building SimpleValue for descricao
2020-04-20 21:17:53 DEBUG PropertyBinder:266 - Building property descricao
2020-04-20 21:17:53 DEBUG Ejb3Column:213 - Binding column: Ejb3Column{table=org.hibernate.mapping.Table(categoria), mappingColumn=situacao, insertable=true, updatable=true, unique=false}
2020-04-20 21:17:53 DEBUG PropertyBinder:175 - MetadataSourceProcessor property situacao with lazy=false
2020-04-20 21:17:53 DEBUG AbstractPropertyHolder:94 - Attempting to locate auto-apply AttributeConverter for property [br.com.decimal.water.entity.Categoria:situacao]
2020-04-20 21:17:53 DEBUG SimpleValueBinder:411 - building SimpleValue for situacao
2020-04-20 21:17:53 DEBUG PropertyBinder:266 - Building property situacao
2020-04-20 21:17:53 DEBUG SimpleValueBinder:456 - Starting fillSimpleValue for id
2020-04-20 21:17:53 DEBUG SimpleValueBinder:456 - Starting fillSimpleValue for descricao
2020-04-20 21:17:53 DEBUG SimpleValueBinder:456 - Starting fillSimpleValue for situacao
2020-04-20 21:17:53 DEBUG PrimaryKey:35 - Forcing column [id] to be non-null as it is part of the primary key for table [categoria]
2020-04-20 21:17:53 DEBUG SessionFactoryImpl:196 - Building session factory
2020-04-20 21:17:53 DEBUG Settings:70 - SessionFactory name : null
2020-04-20 21:17:53 DEBUG Settings:71 - Automatic flush during beforeCompletion(): enabled
2020-04-20 21:17:53 DEBUG Settings:72 - Automatic session close at end of transaction: disabled
2020-04-20 21:17:53 DEBUG Settings:74 - Statistics: disabled
2020-04-20 21:17:53 DEBUG Settings:76 - Deleted entity synthetic identifier rollback: disabled
2020-04-20 21:17:53 DEBUG Settings:77 - Default entity-mode: pojo
2020-04-20 21:17:53 DEBUG Settings:78 - Check Nullability in Core (should be disabled when Bean Validation is on): enabled
2020-04-20 21:17:53 DEBUG Settings:79 - Allow initialization of lazy state outside session : disabled
2020-04-20 21:17:53 DEBUG Settings:81 - Using BatchFetchStyle : LEGACY
2020-04-20 21:17:53 DEBUG Settings:82 - Default batch fetch size: -1
2020-04-20 21:17:53 DEBUG Settings:83 - Maximum outer join fetch depth: null
2020-04-20 21:17:53 DEBUG Settings:84 - Default null ordering: NONE
2020-04-20 21:17:53 DEBUG Settings:85 - Order SQL updates by primary key: disabled
2020-04-20 21:17:53 DEBUG Settings:86 - Order SQL inserts for batching: disabled
2020-04-20 21:17:53 DEBUG Settings:88 - multi-tenancy strategy : NONE
2020-04-20 21:17:53 DEBUG Settings:90 - JTA Track by Thread: enabled
2020-04-20 21:17:53 DEBUG Settings:92 - Query language substitutions: {}
2020-04-20 21:17:53 DEBUG Settings:93 - Named query checking : enabled
2020-04-20 21:17:53 DEBUG Settings:95 - Second-level cache: disabled
2020-04-20 21:17:53 DEBUG Settings:96 - Second-level query cache: disabled
2020-04-20 21:17:53 DEBUG Settings:97 - Second-level query cache factory: null
2020-04-20 21:17:53 DEBUG Settings:98 - Second-level cache region prefix: null
2020-04-20 21:17:53 DEBUG Settings:99 - Optimize second-level cache for minimal puts: disabled
2020-04-20 21:17:53 DEBUG Settings:100 - Structured second-level cache entries: disabled
2020-04-20 21:17:53 DEBUG Settings:101 - Second-level cache direct-reference entries: disabled
2020-04-20 21:17:53 DEBUG Settings:102 - Automatic eviction of collection cache: disabled
2020-04-20 21:17:53 DEBUG Settings:104 - JDBC batch size: 0
2020-04-20 21:17:53 DEBUG Settings:105 - JDBC batch updates for versioned data: enabled
2020-04-20 21:17:53 DEBUG Settings:106 - Scrollable result sets: disabled
2020-04-20 21:17:53 DEBUG Settings:107 - Wrap result sets: disabled
2020-04-20 21:17:53 DEBUG Settings:108 - JDBC3 getGeneratedKeys(): disabled
2020-04-20 21:17:53 DEBUG Settings:109 - JDBC result set fetch size: null
2020-04-20 21:17:53 DEBUG Settings:110 - Connection release mode: AFTER_TRANSACTION
2020-04-20 21:17:53 DEBUG Settings:111 - Generate SQL with comments: disabled
2020-04-20 21:17:53 DEBUG Settings:113 - JPA compliance - query : 
2020-04-20 21:17:53 DEBUG Settings:114 - JPA compliance - closed-handling : 
2020-04-20 21:17:53 DEBUG Settings:115 - JPA compliance - lists : 
2020-04-20 21:17:53 DEBUG Settings:116 - JPA compliance - transactions : 
2020-04-20 21:17:53 DEBUG SessionFactoryImpl:251 - Session factory constructed with filter configurations : {}
2020-04-20 21:17:53 DEBUG SessionFactoryImpl:252 - Instantiating session factory with properties: {sun.desktop=windows, awt.toolkit=sun.awt.windows.WToolkit, file.encoding.pkg=sun.io, java.specification.version=1.8, sun.cpu.isalist=amd64, sun.jnu.encoding=Cp1252, hibernate.dialect=org.hibernate.dialect.H2Dialect, java.class.path=C:\Program Files\Java\jre1.8.0_221\lib\resources.jar;C:\Program Files\Java\jre1.8.0_221\lib\rt.jar;C:\Program Files\Java\jre1.8.0_221\lib\jsse.jar;C:\Program Files\Java\jre1.8.0_221\lib\jce.jar;C:\Program Files\Java\jre1.8.0_221\lib\charsets.jar;C:\Program Files\Java\jre1.8.0_221\lib\jfr.jar;C:\Program Files\Java\jre1.8.0_221\lib\ext\access-bridge-64.jar;C:\Program Files\Java\jre1.8.0_221\lib\ext\cldrdata.jar;C:\Program Files\Java\jre1.8.0_221\lib\ext\dnsns.jar;C:\Program Files\Java\jre1.8.0_221\lib\ext\jaccess.jar;C:\Program Files\Java\jre1.8.0_221\lib\ext\jfxrt.jar;C:\Program Files\Java\jre1.8.0_221\lib\ext\localedata.jar;C:\Program Files\Java\jre1.8.0_221\lib\ext\nashorn.jar;C:\Program Files\Java\jre1.8.0_221\lib\ext\sunec.jar;C:\Program Files\Java\jre1.8.0_221\lib\ext\sunjce_provider.jar;C:\Program Files\Java\jre1.8.0_221\lib\ext\sunmscapi.jar;C:\Program Files\Java\jre1.8.0_221\lib\ext\sunpkcs11.jar;C:\Program Files\Java\jre1.8.0_221\lib\ext\zipfs.jar;C:\Dev\Workspace\Decimal\TARANTULA\water-admin\target\classes;C:\Users\vitor.oliveira\.m2\repository\log4j\log4j\1.2.17\log4j-1.2.17.jar;C:\Users\vitor.oliveira\.m2\repository\com\h2database\h2\1.4.200\h2-1.4.200.jar;C:\Users\vitor.oliveira\.m2\repository\org\hibernate\hibernate-core\5.4.2.Final\hibernate-core-5.4.2.Final.jar;C:\Users\vitor.oliveira\.m2\repository\org\jboss\logging\jboss-logging\3.3.2.Final\jboss-logging-3.3.2.Final.jar;C:\Users\vitor.oliveira\.m2\repository\javax\persistence\javax.persistence-api\2.2\javax.persistence-api-2.2.jar;C:\Users\vitor.oliveira\.m2\repository\org\javassist\javassist\3.24.0-GA\javassist-3.24.0-GA.jar;C:\Users\vitor.oliveira\.m2\repository\net\bytebuddy\byte-buddy\1.9.10\byte-buddy-1.9.10.jar;C:\Users\vitor.oliveira\.m2\repository\antlr\antlr\2.7.7\antlr-2.7.7.jar;C:\Users\vitor.oliveira\.m2\repository\org\jboss\spec\javax\transaction\jboss-transaction-api_1.2_spec\1.1.1.Final\jboss-transaction-api_1.2_spec-1.1.1.Final.jar;C:\Users\vitor.oliveira\.m2\repository\org\jboss\jandex\2.0.5.Final\jandex-2.0.5.Final.jar;C:\Users\vitor.oliveira\.m2\repository\com\fasterxml\classmate\1.3.4\classmate-1.3.4.jar;C:\Users\vitor.oliveira\.m2\repository\javax\activation\javax.activation-api\1.2.0\javax.activation-api-1.2.0.jar;C:\Users\vitor.oliveira\.m2\repository\org\dom4j\dom4j\2.1.1\dom4j-2.1.1.jar;C:\Users\vitor.oliveira\.m2\repository\org\hibernate\common\hibernate-commons-annotations\5.1.0.Final\hibernate-commons-annotations-5.1.0.Final.jar;C:\Users\vitor.oliveira\.m2\repository\javax\xml\bind\jaxb-api\2.3.1\jaxb-api-2.3.1.jar;C:\Users\vitor.oliveira\.m2\repository\org\glassfish\jaxb\jaxb-runtime\2.3.1\jaxb-runtime-2.3.1.jar;C:\Users\vitor.oliveira\.m2\repository\org\glassfish\jaxb\txw2\2.3.1\txw2-2.3.1.jar;C:\Users\vitor.oliveira\.m2\repository\com\sun\istack\istack-commons-runtime\3.0.7\istack-commons-runtime-3.0.7.jar;C:\Users\vitor.oliveira\.m2\repository\org\jvnet\staxex\stax-ex\1.8\stax-ex-1.8.jar;C:\Users\vitor.oliveira\.m2\repository\com\sun\xml\fastinfoset\FastInfoset\1.2.15\FastInfoset-1.2.15.jar, java.vm.vendor=Oracle Corporation, sun.arch.data.model=64, user.variant=, java.vendor.url=http://java.oracle.com/, user.timezone=America/Sao_Paulo, javax.persistence.jdbc.user=****, javax.persistence.jdbc.url=jdbc:h2:mem:water, os.name=Windows 10, java.vm.specification.version=1.8, user.country=BR, sun.java.launcher=SUN_STANDARD, sun.boot.library.path=C:\Program Files\Java\jre1.8.0_221\bin, sun.java.command=br.com.decimal.water.UseCategoria, sun.cpu.endian=little, user.home=C:\Users\vitor.oliveira, user.language=pt, java.specification.vendor=Oracle Corporation, java.home=C:\Program Files\Java\jre1.8.0_221, file.separator=\, line.separator=
, java.vm.specification.vendor=Oracle Corporation, java.specification.name=Java Platform API Specification, hibernate.transaction.coordinator_class=class org.hibernate.resource.transaction.backend.jdbc.internal.JdbcResourceLocalTransactionCoordinatorBuilderImpl, java.awt.graphicsenv=sun.awt.Win32GraphicsEnvironment, javax.persistence.jdbc.driver=org.h2.Driver, sun.boot.class.path=C:\Program Files\Java\jre1.8.0_221\lib\resources.jar;C:\Program Files\Java\jre1.8.0_221\lib\rt.jar;C:\Program Files\Java\jre1.8.0_221\lib\sunrsasign.jar;C:\Program Files\Java\jre1.8.0_221\lib\jsse.jar;C:\Program Files\Java\jre1.8.0_221\lib\jce.jar;C:\Program Files\Java\jre1.8.0_221\lib\charsets.jar;C:\Program Files\Java\jre1.8.0_221\lib\jfr.jar;C:\Program Files\Java\jre1.8.0_221\classes, hibernate.hbm2ddl.auto=create-drop, user.script=, sun.management.compiler=HotSpot 64-Bit Tiered Compilers, java.runtime.version=1.8.0_221-b11, user.name=vitor.oliveira, path.separator=;, hibernate.connection.username=****, os.version=10.0, java.endorsed.dirs=C:\Program Files\Java\jre1.8.0_221\lib\endorsed, java.runtime.name=Java(TM) SE Runtime Environment, hibernate.connection.url=jdbc:h2:mem:water, hibernate.ejb.persistenceUnitName=water, file.encoding=UTF-8, java.vm.name=Java HotSpot(TM) 64-Bit Server VM, show_sql=true, hibernate.connection.driver_class=org.h2.Driver, java.vendor.url.bug=http://bugreport.sun.com/bugreport/, java.io.tmpdir=C:\Users\VITOR~1.OLI\AppData\Local\Temp\, java.version=1.8.0_221, user.dir=C:\Dev\Workspace\Decimal\TARANTULA\water-admin, os.arch=amd64, java.vm.specification.name=Java Virtual Machine Specification, java.awt.printerjob=sun.awt.windows.WPrinterJob, sun.os.patch.level=, hibernate.boot.CfgXmlAccessService.key=org.hibernate.boot.cfgxml.spi.LoadedConfig@1458ed9c, java.library.path=C:\Program Files\Java\jre1.8.0_221\bin;C:\WINDOWS\Sun\Java\bin;C:\WINDOWS\system32;C:\WINDOWS;C:/Program Files/Java/jre1.8.0_221/bin/server;C:/Program Files/Java/jre1.8.0_221/bin;C:/Program Files/Java/jre1.8.0_221/lib/amd64;C:\Program Files (x86)\Common Files\Oracle\Java\javapath;C:\WINDOWS\system32;C:\WINDOWS;C:\WINDOWS\System32\Wbem;C:\WINDOWS\System32\WindowsPowerShell\v1.0\;C:\Program Files\TortoiseSVN\bin;C:\Program Files\nodejs\;C:\Program Files\Java\jdk1.8.0_221\bin;C:\Program Files\PuTTY\;C:\Dev\Framework\apache-maven-3.5.4\bin;C:\Dev\Framework\apache-ant-1.9.2\bin;C:\Program Files\Git\cmd;C:\Program Files\Intel\WiFi\bin\;C:\Program Files\Common Files\Intel\WirelessCommon\;C:\Program Files (x86)\Intel\Intel(R) Management Engine Components\DAL;C:\Program Files\Intel\Intel(R) Management Engine Components\DAL;C:\WINDOWS\System32\OpenSSH\;C:\Users\vitor.oliveira\AppData\Roaming\npm;C:\Users\vitor.oliveira\AppData\Local\Programs\Microsoft VS Code\bin;C:\Program Files (x86)\Linaro\gcc-linaro-arm-linux-gnueabi-2012.04\bin;C:\Users\vitor.oliveira\AppData\Local\Microsoft\WindowsApps;C:\Program Files (x86)\Atmel\Flip 3.4.7\bin;C:\Program Files (x86)\SmartDeck;C:\Program Files (x86)\SmartDeck\include;C:\Program Files (x86)\SmartDeck\bin;C:\MinGW\bin;C:\Users\vitor.oliveira\AppData\Local\Programs\Python\Python38\;C:\Users\vitor.oliveira\AppData\Local\Programs\Python\Python38\Scripts\;C:\Program Files (x86)\Yarn\bin\;C:\Users\vitor.oliveira\AppData\Roaming\npm;C:\Users\vitor.oliveira\AppData\Local\Programs\Microsoft VS Code\bin;C:\Program Files\Intel\WiFi\bin\;C:\Program Files\Common Files\Intel\WirelessCommon\;C:\Users\vitor.oliveira\AppData\Local\Microsoft\WindowsApps;C:\Program Files (x86)\Atmel\Flip 3.4.7\bin;C:\Users\vitor.oliveira\AppData\Local\Yarn\bin;C:\Program Files\eclipse-jee-oxygen-3a-win32-x86_64;;., hibernate.temp.use_jdbc_metadata_defaults=false, java.vm.info=mixed mode, java.vendor=Oracle Corporation, java.vm.version=25.221-b11, hibernate.bytecode.use_reflection_optimizer=false, java.ext.dirs=C:\Program Files\Java\jre1.8.0_221\lib\ext;C:\WINDOWS\Sun\Java\lib\ext, sun.io.unicode.encoding=UnicodeLittle, javax.persistence.jdbc.password=****, java.class.version=52.0}
2020-04-20 21:17:53 DEBUG JaccIntegrator:80 - Skipping JACC integration as it was not enabled
2020-04-20 21:17:53 DEBUG SessionFactoryImpl:291 - Instantiated session factory
2020-04-20 21:17:53 DEBUG TypeConfiguration$Scope:157 - Scoping TypeConfiguration [org.hibernate.type.spi.TypeConfiguration@2b91004a] to SessionFactoryImpl [org.hibernate.internal.SessionFactoryImpl@602e0143]
2020-04-20 21:17:53 DEBUG ClassLoaderAccessImpl:60 - Not known whether passed class name [br.com.decimal.water.entity.Categoria] is safe
2020-04-20 21:17:53 DEBUG ClassLoaderAccessImpl:62 - No temp ClassLoader provided; using live ClassLoader for loading potentially unsafe class : br.com.decimal.water.entity.Categoria
2020-04-20 21:17:53 DEBUG ClassLoaderAccessImpl:60 - Not known whether passed class name [br.com.decimal.water.entity.Categoria] is safe
2020-04-20 21:17:53 DEBUG ClassLoaderAccessImpl:62 - No temp ClassLoader provided; using live ClassLoader for loading potentially unsafe class : br.com.decimal.water.entity.Categoria
2020-04-20 21:17:53 DEBUG AbstractEntityPersister:3791 - Static SQL for entity: br.com.decimal.water.entity.Categoria
2020-04-20 21:17:53 DEBUG AbstractEntityPersister:3796 -  Version select: select id from categoria where id =?
2020-04-20 21:17:53 DEBUG AbstractEntityPersister:3799 -  Snapshot select: select categoria_.id, categoria_.descricao as descrica2_0_, categoria_.situacao as situacao3_0_ from categoria categoria_ where categoria_.id=?
2020-04-20 21:17:53 DEBUG AbstractEntityPersister:394 -  Insert 0: insert into categoria (descricao, situacao, id) values (?, ?, ?)
2020-04-20 21:17:53 DEBUG AbstractEntityPersister:394 -  Update 0: update categoria set descricao=?, situacao=? where id=?
2020-04-20 21:17:53 DEBUG AbstractEntityPersister:394 -  Delete 0: delete from categoria where id=?
2020-04-20 21:17:53 DEBUG QuerySpacesImpl:174 - Adding QuerySpace : uid = <gen:0> -> org.hibernate.loader.plan.build.internal.spaces.EntityQuerySpaceImpl@1c9f0a20]
2020-04-20 21:17:53 DEBUG MetamodelGraphWalker:146 - Visiting attribute path : descricao
2020-04-20 21:17:53 DEBUG MetamodelGraphWalker:146 - Visiting attribute path : situacao
2020-04-20 21:17:53 DEBUG FetchStyleLoadPlanBuildingAssociationVisitationStrategy:150 - Building LoadPlan...
2020-04-20 21:17:53 DEBUG LoadQueryJoinAndFetchProcessor:102 - processing queryspace <gen:0>
2020-04-20 21:17:53 DEBUG LoadPlanTreePrinter:55 - LoadPlan(entity=br.com.decimal.water.entity.Categoria)
    - Returns
       - EntityReturnImpl(entity=br.com.decimal.water.entity.Categoria, querySpaceUid=<gen:0>, path=br.com.decimal.water.entity.Categoria)
    - QuerySpaces
       - EntityQuerySpaceImpl(uid=<gen:0>, entity=br.com.decimal.water.entity.Categoria)
          - SQL table alias mapping - categoria0_
          - alias suffix - 0_
          - suffixed key columns - {id1_0_0_}

2020-04-20 21:17:53 DEBUG EntityLoader:137 - Static select for entity br.com.decimal.water.entity.Categoria [NONE]: select categoria0_.id as id1_0_0_, categoria0_.descricao as descrica2_0_0_, categoria0_.situacao as situacao3_0_0_ from categoria categoria0_ where categoria0_.id=?
2020-04-20 21:17:53 DEBUG QuerySpacesImpl:174 - Adding QuerySpace : uid = <gen:0> -> org.hibernate.loader.plan.build.internal.spaces.EntityQuerySpaceImpl@7fcbe147]
2020-04-20 21:17:53 DEBUG MetamodelGraphWalker:146 - Visiting attribute path : descricao
2020-04-20 21:17:53 DEBUG MetamodelGraphWalker:146 - Visiting attribute path : situacao
2020-04-20 21:17:53 DEBUG FetchStyleLoadPlanBuildingAssociationVisitationStrategy:150 - Building LoadPlan...
2020-04-20 21:17:53 DEBUG LoadQueryJoinAndFetchProcessor:102 - processing queryspace <gen:0>
2020-04-20 21:17:53 DEBUG LoadPlanTreePrinter:55 - LoadPlan(entity=br.com.decimal.water.entity.Categoria)
    - Returns
       - EntityReturnImpl(entity=br.com.decimal.water.entity.Categoria, querySpaceUid=<gen:0>, path=br.com.decimal.water.entity.Categoria)
    - QuerySpaces
       - EntityQuerySpaceImpl(uid=<gen:0>, entity=br.com.decimal.water.entity.Categoria)
          - SQL table alias mapping - categoria0_
          - alias suffix - 0_
          - suffixed key columns - {id1_0_0_}

2020-04-20 21:17:53 DEBUG EntityLoader:137 - Static select for entity br.com.decimal.water.entity.Categoria [READ]: select categoria0_.id as id1_0_0_, categoria0_.descricao as descrica2_0_0_, categoria0_.situacao as situacao3_0_0_ from categoria categoria0_ where categoria0_.id=?
2020-04-20 21:17:53 DEBUG Loader:38 - Static select for action ACTION_MERGE on entity br.com.decimal.water.entity.Categoria: select categoria0_.id as id1_0_0_, categoria0_.descricao as descrica2_0_0_, categoria0_.situacao as situacao3_0_0_ from categoria categoria0_ where categoria0_.id=?
2020-04-20 21:17:53 DEBUG Loader:38 - Static select for action ACTION_REFRESH on entity br.com.decimal.water.entity.Categoria: select categoria0_.id as id1_0_0_, categoria0_.descricao as descrica2_0_0_, categoria0_.situacao as situacao3_0_0_ from categoria categoria0_ where categoria0_.id=?
2020-04-20 21:17:53 WARN  pooling:72 - HHH10001002: Using Hibernate built-in connection pool (not for production use!)
2020-04-20 21:17:53 INFO  pooling:115 - HHH10001005: using driver [org.h2.Driver] at URL [jdbc:h2:mem:water]
2020-04-20 21:17:53 INFO  pooling:121 - HHH10001001: Connection properties: {user=sa}
2020-04-20 21:17:53 INFO  pooling:129 - HHH10001003: Autocommit mode: false
2020-04-20 21:17:53 DEBUG DriverManagerConnectionProviderImpl:384 - Initializing Connection pool with 1 Connections
2020-04-20 21:17:53 INFO  DriverManagerConnectionProviderImpl:239 - HHH000115: Hibernate connection pool size: 20 (min=1)
2020-04-20 21:17:53 DEBUG SQL:94 - drop table categoria if exists
2020-04-20 21:17:53 INFO  access:47 - HHH10001501: Connection obtained from JdbcConnectionAccess [org.hibernate.engine.jdbc.env.internal.JdbcEnvironmentInitiator$ConnectionProviderJdbcConnectionAccess@282308c3] for (non-JTA) DDL execution was not in auto-commit mode; the Connection 'local transaction' will be committed and the Connection will be set into auto-commit mode.
2020-04-20 21:17:54 DEBUG SQL:94 - drop sequence if exists hibernate_sequence
2020-04-20 21:17:54 DEBUG SQL:94 - create sequence hibernate_sequence start with 1 increment by 1
2020-04-20 21:17:54 INFO  access:47 - HHH10001501: Connection obtained from JdbcConnectionAccess [org.hibernate.engine.jdbc.env.internal.JdbcEnvironmentInitiator$ConnectionProviderJdbcConnectionAccess@20765ed5] for (non-JTA) DDL execution was not in auto-commit mode; the Connection 'local transaction' will be committed and the Connection will be set into auto-commit mode.
2020-04-20 21:17:54 DEBUG SQL:94 - create table categoria (id integer not null, descricao varchar(255), situacao integer, primary key (id))
2020-04-20 21:17:54 DEBUG JtaPlatformInitiator:43 - No JtaPlatform was specified, checking resolver
2020-04-20 21:17:54 DEBUG JtaPlatformResolverInitiator:33 - No JtaPlatformResolver was specified, using default [org.hibernate.engine.transaction.jta.platform.internal.StandardJtaPlatformResolver]
2020-04-20 21:17:54 DEBUG StandardJtaPlatformResolver:137 - Could not resolve JtaPlatform, using default [org.hibernate.engine.transaction.jta.platform.internal.NoJtaPlatform]
2020-04-20 21:17:54 INFO  JtaPlatformInitiator:52 - HHH000490: Using JtaPlatform implementation: [org.hibernate.engine.transaction.jta.platform.internal.NoJtaPlatform]
2020-04-20 21:17:54 DEBUG NamedQueryRepository:151 - Checking 0 named HQL queries
2020-04-20 21:17:54 DEBUG NamedQueryRepository:167 - Checking 0 named SQL queries
2020-04-20 21:17:54 DEBUG SessionFactoryRegistry:52 - Initializing SessionFactoryRegistry : org.hibernate.internal.SessionFactoryRegistry@232024b9
2020-04-20 21:17:54 DEBUG SessionFactoryRegistry:74 - Registering SessionFactory: d75b4502-9c78-4ca7-87bc-28fb4434a45a (<unnamed>)
2020-04-20 21:17:54 DEBUG SessionFactoryRegistry:81 - Not binding SessionFactory to JNDI, no JNDI name configured
2020-04-20 21:17:54 DEBUG StatisticsInitiator:101 - Statistics initialized [enabled=false]
2020-04-20 21:17:54 DEBUG SQL:94 - call next value for hibernate_sequence
2020-04-20 21:17:54 DEBUG SequenceStructure:101 - Sequence value obtained: 1
2020-04-20 21:17:54 DEBUG ResourceRegistryStandardImpl:87 - HHH000387: ResultSet's statement was not registered
2020-04-20 21:17:54 DEBUG AbstractSaveEventListener:132 - Generated identifier: 1, using strategy: org.hibernate.id.enhanced.SequenceStyleGenerator
2020-04-20 21:17:54 DEBUG SQL:94 - call next value for hibernate_sequence
2020-04-20 21:17:54 DEBUG SequenceStructure:101 - Sequence value obtained: 2
2020-04-20 21:17:54 DEBUG ResourceRegistryStandardImpl:87 - HHH000387: ResultSet's statement was not registered
2020-04-20 21:17:54 DEBUG AbstractSaveEventListener:132 - Generated identifier: 2, using strategy: org.hibernate.id.enhanced.SequenceStyleGenerator
2020-04-20 21:17:54 DEBUG SessionFactoryImpl:792 - HHH000031: Closing
2020-04-20 21:17:54 INFO  SchemaDropperImpl$DelayedDropActionImpl:524 - HHH000477: Starting delayed evictData of schema as part of SessionFactory shut-down'
2020-04-20 21:17:54 DEBUG SQL:94 - drop table categoria if exists
2020-04-20 21:17:54 INFO  access:47 - HHH10001501: Connection obtained from JdbcConnectionAccess [org.hibernate.engine.jdbc.env.internal.JdbcEnvironmentInitiator$ConnectionProviderJdbcConnectionAccess@712ca57b] for (non-JTA) DDL execution was not in auto-commit mode; the Connection 'local transaction' will be committed and the Connection will be set into auto-commit mode.
2020-04-20 21:17:54 DEBUG SQL:94 - drop sequence if exists hibernate_sequence
2020-04-20 21:17:54 DEBUG TypeConfiguration$Scope:350 - Un-scoping TypeConfiguration [org.hibernate.type.spi.TypeConfiguration$Scope@4e2c95ee] from SessionFactory [org.hibernate.internal.SessionFactoryImpl@602e0143]
2020-04-20 21:17:54 DEBUG AbstractServiceRegistryImpl:418 - Implicitly destroying ServiceRegistry on de-registration of all child ServiceRegistries
2020-04-20 21:17:54 INFO  pooling:408 - HHH10001008: Cleaning up connection pool [jdbc:h2:mem:water]
2020-04-20 21:17:54 DEBUG BootstrapServiceRegistryImpl:295 - Implicitly destroying Boot-strap registry on de-registration of all child ServiceRegistries
